<?xml version="1.0" encoding="UTF-8"?>
<testng-results total="1" passed="1" failed="0" skipped="0">
  <reporter-output>
  </reporter-output>
  <suite started-at="2022-10-17T15:27:27Z" name="Default suite" finished-at="2022-10-17T15:27:53Z" duration-ms="25516">
    <groups>
    </groups>
    <test started-at="2022-10-17T15:27:27Z" name="Default test" finished-at="2022-10-17T15:27:53Z" duration-ms="25516">
      <class name="seleniumdemo.windowhandle">
        <test-method signature="testcase1()[pri:0, instance:seleniumdemo.windowhandle@432038ec]" started-at="2022-10-17T20:57:27Z" name="testcase1" finished-at="2022-10-17T20:57:53Z" duration-ms="25504" status="PASS">
          <reporter-output>
          </reporter-output>
        </test-method> <!-- testcase1 -->
      </class> <!-- seleniumdemo.windowhandle -->
    </test> <!-- Default test -->
  </suite> <!-- Default suite -->
</testng-results>
